<?xml version="1.0" encoding="UTF-8"?>
<testsuite xmlns:xsi="http://www.w3.org/2001/XMLSchema-instance" xsi:noNamespaceSchemaLocation="https://maven.apache.org/surefire/maven-surefire-plugin/xsd/surefire-test-report.xsd" name="com.danit.socialnetwork.MethodTests" time="0.792" tests="3" errors="0" skipped="0" failures="0">
  <properties>
[...]
</properties>
  <testcase name="findDbUserByEmail" classname="com.danit.socialnetwork.MethodTests" time="0.373"/>
  <testcase name="findByUsername" classname="com.danit.socialnetwork.MethodTests" time="0.13"/>
  <testcase name="saveRequest" classname="com.danit.socialnetwork.MethodTests" time="0.286"/>
</testsuite>